<?xml version="1.0" encoding="UTF-8"?>
<!-- Generated by org.testng.reporters.JUnitReportReporter -->
<testsuite skipped="0" hostname="imran-H81M-S2PV" name="searchTestCases.TestSearch" tests="1" failures="0" timestamp="09 Mar 2018 05:42:20 GMT" time="6.439" errors="0">
  <testcase name="TestSearching" time="6.439" classname="searchTestCases.TestSearch"/>
</testsuite> <!-- searchTestCases.TestSearch -->
