<?xml version="1.0" encoding="UTF-8"?>
<!-- Generated by org.testng.reporters.JUnitReportReporter -->
<testsuite skipped="0" hostname="imran-H81M-S2PV" name="headerTestCases.SearchTest" tests="1" failures="0" timestamp="14 Mar 2018 03:19:10 GMT" time="7.940" errors="0">
  <testcase name="testStart" time="7.940" classname="headerTestCases.SearchTest"/>
</testsuite> <!-- headerTestCases.SearchTest -->
