<?xml version="1.0" encoding="UTF-8"?>
<testsuite xmlns:xsi="http://www.w3.org/2001/XMLSchema-instance" xsi:noNamespaceSchemaLocation="https://maven.apache.org/surefire/maven-surefire-plugin/xsd/surefire-test-report.xsd" name="TestSuite" time="6.876" tests="1" errors="0" skipped="0" failures="0">
  <properties>
    <property name="sun.desktop" value="gnome"/>
    <property name="awt.toolkit" value="sun.awt.X11.XToolkit"/>
    <property name="file.encoding.pkg" value="sun.io"/>
    <property name="java.specification.version" value="1.8"/>
    <property name="sun.cpu.isalist" value=""/>
    <property name="sun.jnu.encoding" value="UTF-8"/>
    <property name="java.class.path" value="/home/imran/IdeaProjects/ESPN/HeaderMOD/target/test-classes:/home/imran/IdeaProjects/ESPN/HeaderMOD/target/classes:/home/imran/.m2/repository/com/espn/imran/Generic/1.0-SNAPSHOT/Generic-1.0-SNAPSHOT.jar:/home/imran/.m2/repository/org/seleniumhq/selenium/selenium-java/3.10.0/selenium-java-3.10.0.jar:/home/imran/.m2/repository/org/seleniumhq/selenium/selenium-api/3.10.0/selenium-api-3.10.0.jar:/home/imran/.m2/repository/org/seleniumhq/selenium/selenium-chrome-driver/3.10.0/selenium-chrome-driver-3.10.0.jar:/home/imran/.m2/repository/org/seleniumhq/selenium/selenium-edge-driver/3.10.0/selenium-edge-driver-3.10.0.jar:/home/imran/.m2/repository/org/seleniumhq/selenium/selenium-firefox-driver/3.10.0/selenium-firefox-driver-3.10.0.jar:/home/imran/.m2/repository/org/seleniumhq/selenium/selenium-ie-driver/3.10.0/selenium-ie-driver-3.10.0.jar:/home/imran/.m2/repository/org/seleniumhq/selenium/selenium-opera-driver/3.10.0/selenium-opera-driver-3.10.0.jar:/home/imran/.m2/repository/org/seleniumhq/selenium/selenium-remote-driver/3.10.0/selenium-remote-driver-3.10.0.jar:/home/imran/.m2/repository/org/seleniumhq/selenium/selenium-safari-driver/3.10.0/selenium-safari-driver-3.10.0.jar:/home/imran/.m2/repository/org/seleniumhq/selenium/selenium-support/3.10.0/selenium-support-3.10.0.jar:/home/imran/.m2/repository/net/bytebuddy/byte-buddy/1.7.9/byte-buddy-1.7.9.jar:/home/imran/.m2/repository/org/apache/commons/commons-exec/1.3/commons-exec-1.3.jar:/home/imran/.m2/repository/commons-codec/commons-codec/1.10/commons-codec-1.10.jar:/home/imran/.m2/repository/commons-logging/commons-logging/1.2/commons-logging-1.2.jar:/home/imran/.m2/repository/com/google/code/gson/gson/2.8.2/gson-2.8.2.jar:/home/imran/.m2/repository/com/google/guava/guava/23.6-jre/guava-23.6-jre.jar:/home/imran/.m2/repository/com/google/code/findbugs/jsr305/1.3.9/jsr305-1.3.9.jar:/home/imran/.m2/repository/org/checkerframework/checker-compat-qual/2.0.0/checker-compat-qual-2.0.0.jar:/home/imran/.m2/repository/com/google/errorprone/error_prone_annotations/2.1.3/error_prone_annotations-2.1.3.jar:/home/imran/.m2/repository/com/google/j2objc/j2objc-annotations/1.1/j2objc-annotations-1.1.jar:/home/imran/.m2/repository/org/codehaus/mojo/animal-sniffer-annotations/1.14/animal-sniffer-annotations-1.14.jar:/home/imran/.m2/repository/org/apache/httpcomponents/httpclient/4.5.3/httpclient-4.5.3.jar:/home/imran/.m2/repository/org/apache/httpcomponents/httpcore/4.4.6/httpcore-4.4.6.jar:/home/imran/.m2/repository/com/squareup/okhttp3/okhttp/3.9.1/okhttp-3.9.1.jar:/home/imran/.m2/repository/com/squareup/okio/okio/1.13.0/okio-1.13.0.jar:/home/imran/.m2/repository/org/testng/testng/6.14.2/testng-6.14.2.jar:/home/imran/.m2/repository/com/beust/jcommander/1.72/jcommander-1.72.jar:/home/imran/.m2/repository/org/apache-extras/beanshell/bsh/2.0b6/bsh-2.0b6.jar:/home/imran/.m2/repository/org/seleniumhq/selenium/selenium-server/3.7.1/selenium-server-3.7.1.jar:/home/imran/.m2/repository/org/apache/commons/commons-lang3/3.5/commons-lang3-3.5.jar:/home/imran/.m2/repository/commons-io/commons-io/2.5/commons-io-2.5.jar:/home/imran/.m2/repository/org/w3c/css/sac/1.3/sac-1.3.jar:/home/imran/.m2/repository/net/sourceforge/cssparser/cssparser/0.9.23/cssparser-0.9.23.jar:/home/imran/.m2/repository/net/sourceforge/htmlunit/htmlunit/2.27/htmlunit-2.27.jar:/home/imran/.m2/repository/net/sourceforge/htmlunit/htmlunit-core-js/2.27/htmlunit-core-js-2.27.jar:/home/imran/.m2/repository/net/sourceforge/htmlunit/neko-htmlunit/2.27/neko-htmlunit-2.27.jar:/home/imran/.m2/repository/org/apache/httpcomponents/httpmime/4.5.3/httpmime-4.5.3.jar:/home/imran/.m2/repository/net/jcip/jcip-annotations/1.0/jcip-annotations-1.0.jar:/home/imran/.m2/repository/org/seleniumhq/selenium/jetty-repacked/9.4.5.v20170502/jetty-repacked-9.4.5.v20170502.jar:/home/imran/.m2/repository/org/eclipse/jetty/jetty-client/9.4.5.v20170502/jetty-client-9.4.5.v20170502.jar:/home/imran/.m2/repository/org/eclipse/jetty/jetty-http/9.4.5.v20170502/jetty-http-9.4.5.v20170502.jar:/home/imran/.m2/repository/org/eclipse/jetty/jetty-io/9.4.5.v20170502/jetty-io-9.4.5.v20170502.jar:/home/imran/.m2/repository/org/eclipse/jetty/jetty-util/9.4.5.v20170502/jetty-util-9.4.5.v20170502.jar:/home/imran/.m2/repository/com/codeborne/phantomjsdriver/1.4.0/phantomjsdriver-1.4.0.jar:/home/imran/.m2/repository/org/seleniumhq/selenium/htmlunit-driver/2.27/htmlunit-driver-2.27.jar:/home/imran/.m2/repository/javax/servlet/javax.servlet-api/3.1.0/javax.servlet-api-3.1.0.jar:/home/imran/.m2/repository/org/eclipse/jetty/websocket/websocket-api/9.4.5.v20170502/websocket-api-9.4.5.v20170502.jar:/home/imran/.m2/repository/org/eclipse/jetty/websocket/websocket-client/9.4.5.v20170502/websocket-client-9.4.5.v20170502.jar:/home/imran/.m2/repository/org/eclipse/jetty/websocket/websocket-common/9.4.5.v20170502/websocket-common-9.4.5.v20170502.jar:/home/imran/.m2/repository/xalan/serializer/2.7.2/serializer-2.7.2.jar:/home/imran/.m2/repository/xalan/xalan/2.7.2/xalan-2.7.2.jar:/home/imran/.m2/repository/xerces/xercesImpl/2.11.0/xercesImpl-2.11.0.jar:/home/imran/.m2/repository/xml-apis/xml-apis/1.4.01/xml-apis-1.4.01.jar:/home/imran/.m2/repository/org/yaml/snakeyaml/1.15/snakeyaml-1.15.jar:/home/imran/.m2/repository/org/apache/maven/surefire/surefire-testng-utils/2.21.0/surefire-testng-utils-2.21.0.jar:/home/imran/.m2/repository/org/apache/maven/surefire/surefire-grouper/2.21.0/surefire-grouper-2.21.0.jar:"/>
    <property name="java.vm.vendor" value="Oracle Corporation"/>
    <property name="sun.arch.data.model" value="64"/>
    <property name="java.vendor.url" value="http://java.oracle.com/"/>
    <property name="user.timezone" value=""/>
    <property name="java.vm.specification.version" value="1.8"/>
    <property name="os.name" value="Linux"/>
    <property name="user.country" value="US"/>
    <property name="sun.java.launcher" value="SUN_STANDARD"/>
    <property name="sun.boot.library.path" value="/usr/lib/jvm/java-8-oracle/jre/lib/amd64"/>
    <property name="sun.java.command" value="/home/imran/IdeaProjects/ESPN/HeaderMOD/target/surefire/surefirebooter2468453408663003842.jar /home/imran/IdeaProjects/ESPN/HeaderMOD/target/surefire 2018-03-09T00-42-13_160-jvmRun1 surefire1636458416703739835tmp surefire_04619814630815472433tmp"/>
    <property name="surefire.test.class.path" value="/home/imran/IdeaProjects/ESPN/HeaderMOD/target/test-classes:/home/imran/IdeaProjects/ESPN/HeaderMOD/target/classes:/home/imran/.m2/repository/com/espn/imran/Generic/1.0-SNAPSHOT/Generic-1.0-SNAPSHOT.jar:/home/imran/.m2/repository/org/seleniumhq/selenium/selenium-java/3.10.0/selenium-java-3.10.0.jar:/home/imran/.m2/repository/org/seleniumhq/selenium/selenium-api/3.10.0/selenium-api-3.10.0.jar:/home/imran/.m2/repository/org/seleniumhq/selenium/selenium-chrome-driver/3.10.0/selenium-chrome-driver-3.10.0.jar:/home/imran/.m2/repository/org/seleniumhq/selenium/selenium-edge-driver/3.10.0/selenium-edge-driver-3.10.0.jar:/home/imran/.m2/repository/org/seleniumhq/selenium/selenium-firefox-driver/3.10.0/selenium-firefox-driver-3.10.0.jar:/home/imran/.m2/repository/org/seleniumhq/selenium/selenium-ie-driver/3.10.0/selenium-ie-driver-3.10.0.jar:/home/imran/.m2/repository/org/seleniumhq/selenium/selenium-opera-driver/3.10.0/selenium-opera-driver-3.10.0.jar:/home/imran/.m2/repository/org/seleniumhq/selenium/selenium-remote-driver/3.10.0/selenium-remote-driver-3.10.0.jar:/home/imran/.m2/repository/org/seleniumhq/selenium/selenium-safari-driver/3.10.0/selenium-safari-driver-3.10.0.jar:/home/imran/.m2/repository/org/seleniumhq/selenium/selenium-support/3.10.0/selenium-support-3.10.0.jar:/home/imran/.m2/repository/net/bytebuddy/byte-buddy/1.7.9/byte-buddy-1.7.9.jar:/home/imran/.m2/repository/org/apache/commons/commons-exec/1.3/commons-exec-1.3.jar:/home/imran/.m2/repository/commons-codec/commons-codec/1.10/commons-codec-1.10.jar:/home/imran/.m2/repository/commons-logging/commons-logging/1.2/commons-logging-1.2.jar:/home/imran/.m2/repository/com/google/code/gson/gson/2.8.2/gson-2.8.2.jar:/home/imran/.m2/repository/com/google/guava/guava/23.6-jre/guava-23.6-jre.jar:/home/imran/.m2/repository/com/google/code/findbugs/jsr305/1.3.9/jsr305-1.3.9.jar:/home/imran/.m2/repository/org/checkerframework/checker-compat-qual/2.0.0/checker-compat-qual-2.0.0.jar:/home/imran/.m2/repository/com/google/errorprone/error_prone_annotations/2.1.3/error_prone_annotations-2.1.3.jar:/home/imran/.m2/repository/com/google/j2objc/j2objc-annotations/1.1/j2objc-annotations-1.1.jar:/home/imran/.m2/repository/org/codehaus/mojo/animal-sniffer-annotations/1.14/animal-sniffer-annotations-1.14.jar:/home/imran/.m2/repository/org/apache/httpcomponents/httpclient/4.5.3/httpclient-4.5.3.jar:/home/imran/.m2/repository/org/apache/httpcomponents/httpcore/4.4.6/httpcore-4.4.6.jar:/home/imran/.m2/repository/com/squareup/okhttp3/okhttp/3.9.1/okhttp-3.9.1.jar:/home/imran/.m2/repository/com/squareup/okio/okio/1.13.0/okio-1.13.0.jar:/home/imran/.m2/repository/org/testng/testng/6.14.2/testng-6.14.2.jar:/home/imran/.m2/repository/com/beust/jcommander/1.72/jcommander-1.72.jar:/home/imran/.m2/repository/org/apache-extras/beanshell/bsh/2.0b6/bsh-2.0b6.jar:/home/imran/.m2/repository/org/seleniumhq/selenium/selenium-server/3.7.1/selenium-server-3.7.1.jar:/home/imran/.m2/repository/org/apache/commons/commons-lang3/3.5/commons-lang3-3.5.jar:/home/imran/.m2/repository/commons-io/commons-io/2.5/commons-io-2.5.jar:/home/imran/.m2/repository/org/w3c/css/sac/1.3/sac-1.3.jar:/home/imran/.m2/repository/net/sourceforge/cssparser/cssparser/0.9.23/cssparser-0.9.23.jar:/home/imran/.m2/repository/net/sourceforge/htmlunit/htmlunit/2.27/htmlunit-2.27.jar:/home/imran/.m2/repository/net/sourceforge/htmlunit/htmlunit-core-js/2.27/htmlunit-core-js-2.27.jar:/home/imran/.m2/repository/net/sourceforge/htmlunit/neko-htmlunit/2.27/neko-htmlunit-2.27.jar:/home/imran/.m2/repository/org/apache/httpcomponents/httpmime/4.5.3/httpmime-4.5.3.jar:/home/imran/.m2/repository/net/jcip/jcip-annotations/1.0/jcip-annotations-1.0.jar:/home/imran/.m2/repository/org/seleniumhq/selenium/jetty-repacked/9.4.5.v20170502/jetty-repacked-9.4.5.v20170502.jar:/home/imran/.m2/repository/org/eclipse/jetty/jetty-client/9.4.5.v20170502/jetty-client-9.4.5.v20170502.jar:/home/imran/.m2/repository/org/eclipse/jetty/jetty-http/9.4.5.v20170502/jetty-http-9.4.5.v20170502.jar:/home/imran/.m2/repository/org/eclipse/jetty/jetty-io/9.4.5.v20170502/jetty-io-9.4.5.v20170502.jar:/home/imran/.m2/repository/org/eclipse/jetty/jetty-util/9.4.5.v20170502/jetty-util-9.4.5.v20170502.jar:/home/imran/.m2/repository/com/codeborne/phantomjsdriver/1.4.0/phantomjsdriver-1.4.0.jar:/home/imran/.m2/repository/org/seleniumhq/selenium/htmlunit-driver/2.27/htmlunit-driver-2.27.jar:/home/imran/.m2/repository/javax/servlet/javax.servlet-api/3.1.0/javax.servlet-api-3.1.0.jar:/home/imran/.m2/repository/org/eclipse/jetty/websocket/websocket-api/9.4.5.v20170502/websocket-api-9.4.5.v20170502.jar:/home/imran/.m2/repository/org/eclipse/jetty/websocket/websocket-client/9.4.5.v20170502/websocket-client-9.4.5.v20170502.jar:/home/imran/.m2/repository/org/eclipse/jetty/websocket/websocket-common/9.4.5.v20170502/websocket-common-9.4.5.v20170502.jar:/home/imran/.m2/repository/xalan/serializer/2.7.2/serializer-2.7.2.jar:/home/imran/.m2/repository/xalan/xalan/2.7.2/xalan-2.7.2.jar:/home/imran/.m2/repository/xerces/xercesImpl/2.11.0/xercesImpl-2.11.0.jar:/home/imran/.m2/repository/xml-apis/xml-apis/1.4.01/xml-apis-1.4.01.jar:/home/imran/.m2/repository/org/yaml/snakeyaml/1.15/snakeyaml-1.15.jar:/home/imran/.m2/repository/org/apache/maven/surefire/surefire-testng-utils/2.21.0/surefire-testng-utils-2.21.0.jar:/home/imran/.m2/repository/org/apache/maven/surefire/surefire-grouper/2.21.0/surefire-grouper-2.21.0.jar:"/>
    <property name="sun.cpu.endian" value="little"/>
    <property name="user.home" value="/home/imran"/>
    <property name="user.language" value="en"/>
    <property name="java.specification.vendor" value="Oracle Corporation"/>
    <property name="java.home" value="/usr/lib/jvm/java-8-oracle/jre"/>
    <property name="basedir" value="/home/imran/IdeaProjects/ESPN/HeaderMOD"/>
    <property name="file.separator" value="/"/>
    <property name="line.separator" value="&#10;"/>
    <property name="java.vm.specification.vendor" value="Oracle Corporation"/>
    <property name="java.specification.name" value="Java Platform API Specification"/>
    <property name="java.awt.graphicsenv" value="sun.awt.X11GraphicsEnvironment"/>
    <property name="surefire.real.class.path" value="/home/imran/IdeaProjects/ESPN/HeaderMOD/target/surefire/surefirebooter2468453408663003842.jar"/>
    <property name="sun.boot.class.path" value="/usr/lib/jvm/java-8-oracle/jre/lib/resources.jar:/usr/lib/jvm/java-8-oracle/jre/lib/rt.jar:/usr/lib/jvm/java-8-oracle/jre/lib/sunrsasign.jar:/usr/lib/jvm/java-8-oracle/jre/lib/jsse.jar:/usr/lib/jvm/java-8-oracle/jre/lib/jce.jar:/usr/lib/jvm/java-8-oracle/jre/lib/charsets.jar:/usr/lib/jvm/java-8-oracle/jre/lib/jfr.jar:/usr/lib/jvm/java-8-oracle/jre/classes"/>
    <property name="sun.management.compiler" value="HotSpot 64-Bit Tiered Compilers"/>
    <property name="java.runtime.version" value="1.8.0_161-b12"/>
    <property name="user.name" value="imran"/>
    <property name="path.separator" value=":"/>
    <property name="os.version" value="4.4.0-112-generic"/>
    <property name="java.endorsed.dirs" value="/usr/lib/jvm/java-8-oracle/jre/lib/endorsed"/>
    <property name="java.runtime.name" value="Java(TM) SE Runtime Environment"/>
    <property name="file.encoding" value="UTF-8"/>
    <property name="java.vm.name" value="Java HotSpot(TM) 64-Bit Server VM"/>
    <property name="localRepository" value="/home/imran/.m2/repository"/>
    <property name="java.vendor.url.bug" value="http://bugreport.sun.com/bugreport/"/>
    <property name="java.io.tmpdir" value="/tmp"/>
    <property name="java.version" value="1.8.0_161"/>
    <property name="user.dir" value="/home/imran/IdeaProjects/ESPN/HeaderMOD"/>
    <property name="os.arch" value="amd64"/>
    <property name="java.vm.specification.name" value="Java Virtual Machine Specification"/>
    <property name="java.awt.printerjob" value="sun.print.PSPrinterJob"/>
    <property name="sun.os.patch.level" value="unknown"/>
    <property name="java.library.path" value="/usr/java/packages/lib/amd64:/usr/lib64:/lib64:/lib:/usr/lib"/>
    <property name="java.vm.info" value="mixed mode"/>
    <property name="java.vendor" value="Oracle Corporation"/>
    <property name="java.vm.version" value="25.161-b12"/>
    <property name="java.ext.dirs" value="/usr/lib/jvm/java-8-oracle/jre/lib/ext:/usr/java/packages/lib/ext"/>
    <property name="sun.io.unicode.encoding" value="UnicodeLittle"/>
    <property name="java.class.version" value="52.0"/>
  </properties>
  <testcase name="TestSearching" classname="searchTestCases.TestSearch" time="2.271"/>
</testsuite>